[ 2018-03-26T19:56:32+08:00 ] ::1 /tp/
INFO: [ app_init ] --START--
INFO: Run Behavior\BuildLiteBehavior [ RunTime:0.000028s ]
INFO: [ app_init ] --END-- [ RunTime:0.000811s ]
INFO: [ app_begin ] --START--
INFO: Run Behavior\ReadHtmlCacheBehavior [ RunTime:0.004802s ]
INFO: [ app_begin ] --END-- [ RunTime:0.004833s ]
NOTIC: [2] Declaration of Home\Model\Student::add() should be compatible with Think\Model::add($data = '', $options = Array, $replace = false) /Users/chihkuang/Sites/tp/Application/Home/Model/StudentModel.class.php 第 7 行.
SQL: SHOW COLUMNS FROM `student` [ RunTime:0.2580s ]
SQL: SELECT * FROM `student` WHERE `id` = 1 LIMIT 1   [ RunTime:0.0632s ]
INFO: [ view_parse ] --START--
INFO: [ template_filter ] --START--
INFO: Run Behavior\ContentReplaceBehavior [ RunTime:0.000304s ]
INFO: [ template_filter ] --END-- [ RunTime:0.000334s ]
INFO: Run Behavior\ParseTemplateBehavior [ RunTime:0.081134s ]
INFO: [ view_parse ] --END-- [ RunTime:0.081158s ]
INFO: [ view_filter ] --START--
INFO: Run Behavior\WriteHtmlCacheBehavior [ RunTime:0.004559s ]
INFO: [ view_filter ] --END-- [ RunTime:0.004585s ]
INFO: [ app_end ] --START--
INFO: Run Behavior\ShowPageTraceBehavior [ RunTime:0.000589s ]
INFO: [ app_end ] --END-- [ RunTime:0.000612s ]

