[ 2018-05-03T21:48:26+08:00 ] ::1 /rpj/
INFO: [ app_init ] --START--
INFO: Run Behavior\BuildLiteBehavior [ RunTime:0.000033s ]
INFO: [ app_init ] --END-- [ RunTime:0.081675s ]
INFO: [ app_begin ] --START--
INFO: Run Behavior\ReadHtmlCacheBehavior [ RunTime:0.081284s ]
INFO: [ app_begin ] --END-- [ RunTime:0.081357s ]
SQL: SHOW COLUMNS FROM `company` [ RunTime:0.0961s ]
SQL: SELECT * FROM `company` WHERE `comID` = 1 LIMIT 1   [ RunTime:0.0331s ]
INFO: [ view_parse ] --START--
INFO: [ template_filter ] --START--
INFO: Run Behavior\ContentReplaceBehavior [ RunTime:0.000345s ]
INFO: [ template_filter ] --END-- [ RunTime:0.000375s ]
NOTIC: [8] Undefined index: comenglist /Users/chihkuang/Sites/rpj/Runtime/Cache/Home/2f412aae274b751dca883838bf7e7502.php 第 34 行.
INFO: Run Behavior\ParseTemplateBehavior [ RunTime:0.372092s ]
INFO: [ view_parse ] --END-- [ RunTime:0.372118s ]
INFO: [ view_filter ] --START--
INFO: Run Behavior\WriteHtmlCacheBehavior [ RunTime:0.081617s ]
INFO: [ view_filter ] --END-- [ RunTime:0.081647s ]
NOTIC: [2] Cannot modify header information - headers already sent by (output started at /Users/chihkuang/Sites/rpj/Home/Controller/IndexController.class.php:10) /Users/chihkuang/Sites/ThinkPHP/Library/Think/View.class.php 第 91 行.
NOTIC: [2] Cannot modify header information - headers already sent by (output started at /Users/chihkuang/Sites/rpj/Home/Controller/IndexController.class.php:10) /Users/chihkuang/Sites/ThinkPHP/Library/Think/View.class.php 第 92 行.
NOTIC: [2] Cannot modify header information - headers already sent by (output started at /Users/chihkuang/Sites/rpj/Home/Controller/IndexController.class.php:10) /Users/chihkuang/Sites/ThinkPHP/Library/Think/View.class.php 第 93 行.
INFO: [ app_end ] --START--
INFO: Run Behavior\ShowPageTraceBehavior [ RunTime:0.040935s ]
INFO: [ app_end ] --END-- [ RunTime:0.040972s ]

[ 2018-05-03T21:48:49+08:00 ] ::1 /rpj/
INFO: [ app_init ] --START--
INFO: Run Behavior\BuildLiteBehavior [ RunTime:0.000008s ]
INFO: [ app_init ] --END-- [ RunTime:0.000191s ]
INFO: [ app_begin ] --START--
INFO: Run Behavior\ReadHtmlCacheBehavior [ RunTime:0.000268s ]
INFO: [ app_begin ] --END-- [ RunTime:0.000286s ]
SQL: SHOW COLUMNS FROM `company` [ RunTime:0.0006s ]
SQL: SELECT * FROM `company` WHERE `comID` = 1 LIMIT 1   [ RunTime:0.0003s ]
INFO: [ view_parse ] --START--
INFO: [ template_filter ] --START--
INFO: Run Behavior\ContentReplaceBehavior [ RunTime:0.000044s ]
INFO: [ template_filter ] --END-- [ RunTime:0.000072s ]
NOTIC: [8] Undefined index: comenglist /Users/chihkuang/Sites/rpj/Runtime/Cache/Home/2f412aae274b751dca883838bf7e7502.php 第 34 行.
INFO: Run Behavior\ParseTemplateBehavior [ RunTime:0.006449s ]
INFO: [ view_parse ] --END-- [ RunTime:0.006468s ]
INFO: [ view_filter ] --START--
INFO: Run Behavior\WriteHtmlCacheBehavior [ RunTime:0.000164s ]
INFO: [ view_filter ] --END-- [ RunTime:0.000220s ]
NOTIC: [2] Cannot modify header information - headers already sent by (output started at /Users/chihkuang/Sites/rpj/Home/Controller/IndexController.class.php:10) /Users/chihkuang/Sites/ThinkPHP/Library/Think/View.class.php 第 91 行.
NOTIC: [2] Cannot modify header information - headers already sent by (output started at /Users/chihkuang/Sites/rpj/Home/Controller/IndexController.class.php:10) /Users/chihkuang/Sites/ThinkPHP/Library/Think/View.class.php 第 92 行.
NOTIC: [2] Cannot modify header information - headers already sent by (output started at /Users/chihkuang/Sites/rpj/Home/Controller/IndexController.class.php:10) /Users/chihkuang/Sites/ThinkPHP/Library/Think/View.class.php 第 93 行.
INFO: [ app_end ] --START--
INFO: Run Behavior\ShowPageTraceBehavior [ RunTime:0.000483s ]
INFO: [ app_end ] --END-- [ RunTime:0.000507s ]

[ 2018-05-03T21:49:03+08:00 ] ::1 /rpj/index.php
INFO: [ app_init ] --START--
INFO: Run Behavior\BuildLiteBehavior [ RunTime:0.000011s ]
INFO: [ app_init ] --END-- [ RunTime:0.000248s ]
INFO: [ app_begin ] --START--
INFO: Run Behavior\ReadHtmlCacheBehavior [ RunTime:0.000273s ]
INFO: [ app_begin ] --END-- [ RunTime:0.000291s ]
SQL: SHOW COLUMNS FROM `company` [ RunTime:0.0006s ]
SQL: SELECT * FROM `company` WHERE `comID` = 1 LIMIT 1   [ RunTime:0.0003s ]
INFO: [ view_parse ] --START--
INFO: [ template_filter ] --START--
INFO: Run Behavior\ContentReplaceBehavior [ RunTime:0.000057s ]
INFO: [ template_filter ] --END-- [ RunTime:0.000077s ]
NOTIC: [8] Undefined index: comenglist /Users/chihkuang/Sites/rpj/Runtime/Cache/Home/2f412aae274b751dca883838bf7e7502.php 第 34 行.
INFO: Run Behavior\ParseTemplateBehavior [ RunTime:0.045690s ]
INFO: [ view_parse ] --END-- [ RunTime:0.045715s ]
INFO: [ view_filter ] --START--
INFO: Run Behavior\WriteHtmlCacheBehavior [ RunTime:0.000151s ]
INFO: [ view_filter ] --END-- [ RunTime:0.000166s ]
NOTIC: [2] Cannot modify header information - headers already sent by (output started at /Users/chihkuang/Sites/rpj/Home/Controller/IndexController.class.php:10) /Users/chihkuang/Sites/ThinkPHP/Library/Think/View.class.php 第 91 行.
NOTIC: [2] Cannot modify header information - headers already sent by (output started at /Users/chihkuang/Sites/rpj/Home/Controller/IndexController.class.php:10) /Users/chihkuang/Sites/ThinkPHP/Library/Think/View.class.php 第 92 行.
NOTIC: [2] Cannot modify header information - headers already sent by (output started at /Users/chihkuang/Sites/rpj/Home/Controller/IndexController.class.php:10) /Users/chihkuang/Sites/ThinkPHP/Library/Think/View.class.php 第 93 行.
INFO: [ app_end ] --START--
INFO: Run Behavior\ShowPageTraceBehavior [ RunTime:0.004983s ]
INFO: [ app_end ] --END-- [ RunTime:0.005045s ]

[ 2018-05-03T21:49:07+08:00 ] ::1 /rpj/index.php
INFO: [ app_init ] --START--
INFO: Run Behavior\BuildLiteBehavior [ RunTime:0.000006s ]
INFO: [ app_init ] --END-- [ RunTime:0.000166s ]
INFO: [ app_begin ] --START--
INFO: Run Behavior\ReadHtmlCacheBehavior [ RunTime:0.000220s ]
INFO: [ app_begin ] --END-- [ RunTime:0.000236s ]
SQL: SHOW COLUMNS FROM `company` [ RunTime:0.0006s ]
SQL: SELECT * FROM `company` WHERE `comID` = 1 LIMIT 1   [ RunTime:0.0003s ]
INFO: [ view_parse ] --START--
INFO: [ template_filter ] --START--
INFO: Run Behavior\ContentReplaceBehavior [ RunTime:0.000039s ]
INFO: [ template_filter ] --END-- [ RunTime:0.000058s ]
NOTIC: [8] Undefined index: comenglist /Users/chihkuang/Sites/rpj/Runtime/Cache/Home/2f412aae274b751dca883838bf7e7502.php 第 34 行.
INFO: Run Behavior\ParseTemplateBehavior [ RunTime:0.019929s ]
INFO: [ view_parse ] --END-- [ RunTime:0.019953s ]
INFO: [ view_filter ] --START--
INFO: Run Behavior\WriteHtmlCacheBehavior [ RunTime:0.000127s ]
INFO: [ view_filter ] --END-- [ RunTime:0.000143s ]
NOTIC: [2] Cannot modify header information - headers already sent by (output started at /Users/chihkuang/Sites/rpj/Home/Controller/IndexController.class.php:10) /Users/chihkuang/Sites/ThinkPHP/Library/Think/View.class.php 第 91 行.
NOTIC: [2] Cannot modify header information - headers already sent by (output started at /Users/chihkuang/Sites/rpj/Home/Controller/IndexController.class.php:10) /Users/chihkuang/Sites/ThinkPHP/Library/Think/View.class.php 第 92 行.
NOTIC: [2] Cannot modify header information - headers already sent by (output started at /Users/chihkuang/Sites/rpj/Home/Controller/IndexController.class.php:10) /Users/chihkuang/Sites/ThinkPHP/Library/Think/View.class.php 第 93 行.
INFO: [ app_end ] --START--
INFO: Run Behavior\ShowPageTraceBehavior [ RunTime:0.000622s ]
INFO: [ app_end ] --END-- [ RunTime:0.000645s ]

